<?xml version="1.0" encoding="UTF-8"?>
<!-- Generated by org.testng.reporters.JUnitXMLReporter -->
<testsuite ignored="2" hostname="LAPTOP-BFL3PLL7" failures="0" tests="2" name="Test1" time="15.29" errors="0" timestamp="2023-11-24T17:24:34 IST">
  <testcase classname="com.OFOS.HM.Admin.Testscripts.AddMenuToDashboardDishesSectionTest" name="addMenuToDashboardDishesSection" time="3.103"/>
  <testcase classname="com.OFOS.HM.Admin.Testscripts.AdminEditMenuTest" name="adminEditMenu" time="6.454"/>
  <testcase classname="com.OFOS.HM.GenericUtils.AdminBaseClass" name="@AfterSuite config_AS" time="0.0">
    <ignored/>
  </testcase> <!-- @AfterSuite config_AS -->
  <testcase classname="com.OFOS.HM.GenericUtils.AdminBaseClass" name="@BeforeSuite config_BS" time="0.0">
    <ignored/>
  </testcase> <!-- @BeforeSuite config_BS -->
</testsuite> <!-- Test1 -->
