<?xml version="1.0" encoding="UTF-8"?>
<testng-results ignored="14" total="15" passed="1" failed="0" skipped="0">
  <reporter-output>
    <line>
      <![CDATA[userLogin---Testscript execution starts from here---]]>
    </line>
    <line>
      <![CDATA[userLogin---Testscript execution starts from here---]]>
    </line>
    <line>
      <![CDATA[userLogin---Testscript executed Successfully---]]>
    </line>
    <line>
      <![CDATA[userLogin---Testscript executed Successfully---]]>
    </line>
  </reporter-output>
  <suite started-at="2023-11-23T15:43:53 IST" name="Suite" finished-at="2023-11-23T15:43:58 IST" duration-ms="5326">
    <groups>
      <group name="Smoke">
        <method signature="UserLoginTest.userLogin()[pri:0, instance:com.OFOS.HM.User.Testscripts.UserLoginTest@3febb011]" name="userLogin" class="com.OFOS.HM.User.Testscripts.UserLoginTest"/>
      </group> <!-- Smoke -->
    </groups>
    <test started-at="2023-11-23T15:43:53 IST" name="Test" finished-at="2023-11-23T15:43:58 IST" duration-ms="5326">
      <class name="com.OFOS.HM.Admin.Testscripts.AddMenuToDashboardDishesSectionTest">
        <test-method is-config="true" signature="config_BS()[pri:0, instance:com.OFOS.HM.Admin.Testscripts.AddMenuToDashboardDishesSectionTest@8f4ea7c]" started-at="2023-11-23T15:43:53 IST" name="config_BS" finished-at="2023-11-23T15:43:53 IST" duration-ms="178" status="PASS">
          <reporter-output>
          </reporter-output>
        </test-method> <!-- config_BS -->
        <test-method is-config="true" signature="config_AS()[pri:0, instance:com.OFOS.HM.Admin.Testscripts.AddMenuToDashboardDishesSectionTest@8f4ea7c]" started-at="2023-11-23T15:43:59 IST" name="config_AS" finished-at="2023-11-23T15:43:59 IST" duration-ms="6" status="PASS">
          <reporter-output>
          </reporter-output>
        </test-method> <!-- config_AS -->
      </class> <!-- com.OFOS.HM.Admin.Testscripts.AddMenuToDashboardDishesSectionTest -->
      <class name="com.OFOS.HM.User.Testscripts.OrderAndCancelOrderTest">
        <test-method is-config="true" signature="config_BS()[pri:0, instance:com.OFOS.HM.User.Testscripts.OrderAndCancelOrderTest@7e07db1f]" started-at="2023-11-23T15:43:53 IST" name="config_BS" finished-at="2023-11-23T15:43:53 IST" duration-ms="4" status="PASS">
          <reporter-output>
          </reporter-output>
        </test-method> <!-- config_BS -->
        <test-method is-config="true" signature="config_AS()[pri:0, instance:com.OFOS.HM.User.Testscripts.OrderAndCancelOrderTest@7e07db1f]" started-at="2023-11-23T15:43:59 IST" name="config_AS" finished-at="2023-11-23T15:43:59 IST" duration-ms="0" status="PASS">
          <reporter-output>
          </reporter-output>
        </test-method> <!-- config_AS -->
      </class> <!-- com.OFOS.HM.User.Testscripts.OrderAndCancelOrderTest -->
      <class name="com.OFOS.HM.User.Testscripts.UserLoginTest">
        <test-method is-config="true" signature="config_BC()[pri:0, instance:com.OFOS.HM.User.Testscripts.UserLoginTest@3febb011]" started-at="2023-11-23T15:43:53 IST" name="config_BC" finished-at="2023-11-23T15:43:55 IST" duration-ms="1550" status="PASS">
          <reporter-output>
          </reporter-output>
        </test-method> <!-- config_BC -->
        <test-method is-config="true" signature="config_BM()[pri:0, instance:com.OFOS.HM.User.Testscripts.UserLoginTest@3febb011]" started-at="2023-11-23T15:43:55 IST" name="config_BM" finished-at="2023-11-23T15:43:55 IST" duration-ms="536" status="PASS">
          <reporter-output>
          </reporter-output>
        </test-method> <!-- config_BM -->
        <test-method signature="userLogin()[pri:0, instance:com.OFOS.HM.User.Testscripts.UserLoginTest@3febb011]" started-at="2023-11-23T15:43:55 IST" name="userLogin" finished-at="2023-11-23T15:43:58 IST" duration-ms="2278" status="PASS">
          <reporter-output>
            <line>
              <![CDATA[userLogin---Testscript execution starts from here---]]>
            </line>
            <line>
              <![CDATA[userLogin---Testscript execution starts from here---]]>
            </line>
            <line>
              <![CDATA[userLogin---Testscript executed Successfully---]]>
            </line>
            <line>
              <![CDATA[userLogin---Testscript executed Successfully---]]>
            </line>
          </reporter-output>
        </test-method> <!-- userLogin -->
        <test-method is-config="true" signature="config_AM()[pri:0, instance:com.OFOS.HM.User.Testscripts.UserLoginTest@3febb011]" started-at="2023-11-23T15:43:58 IST" name="config_AM" finished-at="2023-11-23T15:43:58 IST" duration-ms="420" status="PASS">
          <reporter-output>
          </reporter-output>
        </test-method> <!-- config_AM -->
        <test-method is-config="true" signature="config_AC()[pri:0, instance:com.OFOS.HM.User.Testscripts.UserLoginTest@3febb011]" started-at="2023-11-23T15:43:58 IST" name="config_AC" finished-at="2023-11-23T15:43:58 IST" duration-ms="289" status="PASS">
          <reporter-output>
          </reporter-output>
        </test-method> <!-- config_AC -->
      </class> <!-- com.OFOS.HM.User.Testscripts.UserLoginTest -->
    </test> <!-- Test -->
  </suite> <!-- Suite -->
</testng-results>
