<?xml version="1.0" encoding="UTF-8"?>
<testng-results ignored="0" total="1" passed="1" failed="0" skipped="0">
  <reporter-output>
    <line>
      <![CDATA[addMenuToDashboardDishesSection---Testscript execution starts from here---]]>
    </line>
    <line>
      <![CDATA[addMenuToDashboardDishesSection---Testscript executed Successfully---]]>
    </line>
  </reporter-output>
  <suite started-at="2023-11-30T18:31:49 IST" name="Default suite" finished-at="2023-11-30T18:31:55 IST" duration-ms="6072">
    <groups>
      <group name="Integration">
        <method signature="AddMenuToDashboardDishesSectionTest.addMenuToDashboardDishesSection()[pri:0, instance:com.OFOS.HM.Admin.Testscripts.AddMenuToDashboardDishesSectionTest@6572421]" name="addMenuToDashboardDishesSection" class="com.OFOS.HM.Admin.Testscripts.AddMenuToDashboardDishesSectionTest"/>
      </group> <!-- Integration -->
      <group name="Regression">
        <method signature="AddMenuToDashboardDishesSectionTest.addMenuToDashboardDishesSection()[pri:0, instance:com.OFOS.HM.Admin.Testscripts.AddMenuToDashboardDishesSectionTest@6572421]" name="addMenuToDashboardDishesSection" class="com.OFOS.HM.Admin.Testscripts.AddMenuToDashboardDishesSectionTest"/>
      </group> <!-- Regression -->
    </groups>
    <test started-at="2023-11-30T18:31:49 IST" name="Default test" finished-at="2023-11-30T18:31:55 IST" duration-ms="6072">
      <class name="com.OFOS.HM.Admin.Testscripts.AddMenuToDashboardDishesSectionTest">
        <test-method is-config="true" signature="config_BS()[pri:0, instance:com.OFOS.HM.Admin.Testscripts.AddMenuToDashboardDishesSectionTest@6572421]" started-at="2023-11-30T18:31:49 IST" name="config_BS" finished-at="2023-11-30T18:31:49 IST" duration-ms="211" status="PASS">
          <reporter-output>
          </reporter-output>
        </test-method> <!-- config_BS -->
        <test-method is-config="true" signature="config_BC()[pri:0, instance:com.OFOS.HM.Admin.Testscripts.AddMenuToDashboardDishesSectionTest@6572421]" started-at="2023-11-30T18:31:49 IST" name="config_BC" finished-at="2023-11-30T18:31:51 IST" duration-ms="1358" status="PASS">
          <reporter-output>
          </reporter-output>
        </test-method> <!-- config_BC -->
        <test-method is-config="true" signature="config_BM()[pri:0, instance:com.OFOS.HM.Admin.Testscripts.AddMenuToDashboardDishesSectionTest@6572421]" started-at="2023-11-30T18:31:51 IST" name="config_BM" finished-at="2023-11-30T18:31:51 IST" duration-ms="343" status="PASS">
          <reporter-output>
          </reporter-output>
        </test-method> <!-- config_BM -->
        <test-method signature="addMenuToDashboardDishesSection()[pri:0, instance:com.OFOS.HM.Admin.Testscripts.AddMenuToDashboardDishesSectionTest@6572421]" started-at="2023-11-30T18:31:51 IST" name="addMenuToDashboardDishesSection" finished-at="2023-11-30T18:31:54 IST" duration-ms="3202" status="PASS">
          <reporter-output>
            <line>
              <![CDATA[addMenuToDashboardDishesSection---Testscript execution starts from here---]]>
            </line>
            <line>
              <![CDATA[addMenuToDashboardDishesSection---Testscript executed Successfully---]]>
            </line>
          </reporter-output>
        </test-method> <!-- addMenuToDashboardDishesSection -->
        <test-method is-config="true" signature="config_AM()[pri:0, instance:com.OFOS.HM.Admin.Testscripts.AddMenuToDashboardDishesSectionTest@6572421]" started-at="2023-11-30T18:31:54 IST" name="config_AM" finished-at="2023-11-30T18:31:55 IST" duration-ms="786" status="PASS">
          <reporter-output>
          </reporter-output>
        </test-method> <!-- config_AM -->
        <test-method is-config="true" signature="config_AC()[pri:0, instance:com.OFOS.HM.Admin.Testscripts.AddMenuToDashboardDishesSectionTest@6572421]" started-at="2023-11-30T18:31:55 IST" name="config_AC" finished-at="2023-11-30T18:31:55 IST" duration-ms="183" status="PASS">
          <reporter-output>
          </reporter-output>
        </test-method> <!-- config_AC -->
        <test-method is-config="true" signature="config_AS()[pri:0, instance:com.OFOS.HM.Admin.Testscripts.AddMenuToDashboardDishesSectionTest@6572421]" started-at="2023-11-30T18:31:56 IST" name="config_AS" finished-at="2023-11-30T18:31:56 IST" duration-ms="5" status="PASS">
          <reporter-output>
          </reporter-output>
        </test-method> <!-- config_AS -->
      </class> <!-- com.OFOS.HM.Admin.Testscripts.AddMenuToDashboardDishesSectionTest -->
    </test> <!-- Default test -->
  </suite> <!-- Default suite -->
</testng-results>
